Starting Streamable HTTP server...
node:events:485
      throw er; // Unhandled 'error' event
      ^

Error: listen EADDRINUSE: address already in use :::3001
    at Server.setupListenHandle [as _listen2] (node:net:1939:16)
    at listenInCluster (node:net:1996:12)
    at Server.listen (node:net:2101:7)
    at Function.listen (/Users/tmc/.npm/_npx/5b2dd62b9d0bddd4/node_modules/express/lib/application.js:635:24)
    at file:///Users/tmc/.npm/_npx/5b2dd62b9d0bddd4/node_modules/@modelcontextprotocol/server-everything/dist/streamableHttp.js:140:5
    at ModuleJob.run (node:internal/modules/esm/module_job:274:25)
    at async onImport.tracePromise.__proto__ (node:internal/modules/esm/loader:644:26)
    at async run (file:///Users/tmc/.npm/_npx/5b2dd62b9d0bddd4/node_modules/@modelcontextprotocol/server-everything/dist/index.js:19:17)
Emitted 'error' event on Server instance at:
    at emitErrorNT (node:net:1975:8)
    at process.processTicksAndRejections (node:internal/process/task_queues:90:21) {
  code: 'EADDRINUSE',
  errno: -48,
  syscall: 'listen',
  address: '::',
  port: 3001
}

Node.js v23.11.0
